[2022-07-21 10:25:58,076] {manager.py:517} INFO - Processing files using up to 2 processes at a time 
[2022-07-21 10:25:58,077] {manager.py:518} INFO - Process each file at most once every 30 seconds
[2022-07-21 10:25:58,077] {manager.py:520} INFO - Checking for new files in /opt/airflow/dags every 300 seconds
[2022-07-21 10:25:58,077] {manager.py:704} INFO - Searching for files in /opt/airflow/dags
[2022-07-21 10:25:58,083] {manager.py:707} INFO - There are 1 files in /opt/airflow/dags
[2022-07-21 10:25:58,111] {manager.py:1106} INFO - Finding 'running' jobs without a recent heartbeat
[2022-07-21 10:25:58,112] {manager.py:1110} INFO - Failing jobs without heartbeat after 2022-07-21 10:20:58.111971+00:00
[2022-07-21 10:25:58,127] {manager.py:825} INFO - 
================================================================================
DAG File Processing Stats

File Path                   PID  Runtime      # DAGs    # Errors  Last Runtime    Last Run
------------------------  -----  ---------  --------  ----------  --------------  ----------
/opt/airflow/dags/dag.py     30  0.02s             0           0
================================================================================
[2022-07-21 10:26:08,155] {manager.py:1106} INFO - Finding 'running' jobs without a recent heartbeat
[2022-07-21 10:26:08,155] {manager.py:1110} INFO - Failing jobs without heartbeat after 2022-07-21 10:21:08.155642+00:00
[2022-07-21 10:26:18,200] {manager.py:1106} INFO - Finding 'running' jobs without a recent heartbeat
[2022-07-21 10:26:18,200] {manager.py:1110} INFO - Failing jobs without heartbeat after 2022-07-21 10:21:18.200506+00:00
[2022-07-21 10:26:28,240] {manager.py:1106} INFO - Finding 'running' jobs without a recent heartbeat
[2022-07-21 10:26:28,240] {manager.py:1110} INFO - Failing jobs without heartbeat after 2022-07-21 10:21:28.240615+00:00
[2022-07-21 10:26:28,246] {manager.py:825} INFO - 
================================================================================
DAG File Processing Stats

File Path                 PID    Runtime      # DAGs    # Errors  Last Runtime    Last Run
------------------------  -----  ---------  --------  ----------  --------------  -------------------
/opt/airflow/dags/dag.py                           1           0  3.56s           2022-07-21T10:26:01
================================================================================
[2022-07-21 10:26:38,799] {manager.py:1106} INFO - Finding 'running' jobs without a recent heartbeat
[2022-07-21 10:26:38,801] {manager.py:1110} INFO - Failing jobs without heartbeat after 2022-07-21 10:21:38.801701+00:00
[2022-07-21 10:26:48,850] {manager.py:1106} INFO - Finding 'running' jobs without a recent heartbeat
[2022-07-21 10:26:48,850] {manager.py:1110} INFO - Failing jobs without heartbeat after 2022-07-21 10:21:48.850845+00:00
[2022-07-21 10:26:58,912] {manager.py:1106} INFO - Finding 'running' jobs without a recent heartbeat
[2022-07-21 10:26:58,914] {manager.py:1110} INFO - Failing jobs without heartbeat after 2022-07-21 10:21:58.914378+00:00
[2022-07-21 10:26:58,925] {manager.py:825} INFO - 
================================================================================
DAG File Processing Stats

File Path                 PID    Runtime      # DAGs    # Errors  Last Runtime    Last Run
------------------------  -----  ---------  --------  ----------  --------------  -------------------
/opt/airflow/dags/dag.py                           1           0  0.23s           2022-07-21T10:26:31
================================================================================
[2022-07-21 10:27:09,144] {manager.py:1106} INFO - Finding 'running' jobs without a recent heartbeat
[2022-07-21 10:27:09,145] {manager.py:1110} INFO - Failing jobs without heartbeat after 2022-07-21 10:22:09.144983+00:00
[2022-07-21 10:27:19,195] {manager.py:1106} INFO - Finding 'running' jobs without a recent heartbeat
[2022-07-21 10:27:19,196] {manager.py:1110} INFO - Failing jobs without heartbeat after 2022-07-21 10:22:19.196368+00:00
[2022-07-21 10:27:29,239] {manager.py:1106} INFO - Finding 'running' jobs without a recent heartbeat
[2022-07-21 10:27:29,240] {manager.py:1110} INFO - Failing jobs without heartbeat after 2022-07-21 10:22:29.240483+00:00
[2022-07-21 10:27:29,246] {manager.py:825} INFO - 
================================================================================
DAG File Processing Stats

File Path                 PID    Runtime      # DAGs    # Errors  Last Runtime    Last Run
------------------------  -----  ---------  --------  ----------  --------------  -------------------
/opt/airflow/dags/dag.py                           1           0  0.22s           2022-07-21T10:27:02
================================================================================
[2022-07-21 10:27:39,437] {manager.py:1106} INFO - Finding 'running' jobs without a recent heartbeat
[2022-07-21 10:27:39,438] {manager.py:1110} INFO - Failing jobs without heartbeat after 2022-07-21 10:22:39.438458+00:00
[2022-07-21 10:27:49,484] {manager.py:1106} INFO - Finding 'running' jobs without a recent heartbeat
[2022-07-21 10:27:49,484] {manager.py:1110} INFO - Failing jobs without heartbeat after 2022-07-21 10:22:49.484430+00:00
[2022-07-21 10:27:59,525] {manager.py:1106} INFO - Finding 'running' jobs without a recent heartbeat
[2022-07-21 10:27:59,526] {manager.py:1110} INFO - Failing jobs without heartbeat after 2022-07-21 10:22:59.526555+00:00
[2022-07-21 10:27:59,532] {manager.py:825} INFO - 
================================================================================
DAG File Processing Stats

File Path                 PID    Runtime      # DAGs    # Errors  Last Runtime    Last Run
------------------------  -----  ---------  --------  ----------  --------------  -------------------
/opt/airflow/dags/dag.py                           1           0  0.25s           2022-07-21T10:27:32
================================================================================
[2022-07-21 10:28:09,789] {manager.py:1106} INFO - Finding 'running' jobs without a recent heartbeat
[2022-07-21 10:28:09,789] {manager.py:1110} INFO - Failing jobs without heartbeat after 2022-07-21 10:23:09.789546+00:00
[2022-07-21 10:28:19,833] {manager.py:1106} INFO - Finding 'running' jobs without a recent heartbeat
[2022-07-21 10:28:19,833] {manager.py:1110} INFO - Failing jobs without heartbeat after 2022-07-21 10:23:19.833520+00:00
[2022-07-21 10:28:29,874] {manager.py:1106} INFO - Finding 'running' jobs without a recent heartbeat
[2022-07-21 10:28:29,874] {manager.py:1110} INFO - Failing jobs without heartbeat after 2022-07-21 10:23:29.874837+00:00
[2022-07-21 10:28:29,882] {manager.py:825} INFO - 
================================================================================
DAG File Processing Stats

File Path                 PID    Runtime      # DAGs    # Errors  Last Runtime    Last Run
------------------------  -----  ---------  --------  ----------  --------------  -------------------
/opt/airflow/dags/dag.py                           1           0  0.24s           2022-07-21T10:28:02
================================================================================
[2022-07-21 10:28:40,113] {manager.py:1106} INFO - Finding 'running' jobs without a recent heartbeat
[2022-07-21 10:28:40,114] {manager.py:1110} INFO - Failing jobs without heartbeat after 2022-07-21 10:23:40.114372+00:00
[2022-07-21 10:28:50,164] {manager.py:1106} INFO - Finding 'running' jobs without a recent heartbeat
[2022-07-21 10:28:50,165] {manager.py:1110} INFO - Failing jobs without heartbeat after 2022-07-21 10:23:50.165655+00:00
[2022-07-21 10:29:00,211] {manager.py:1106} INFO - Finding 'running' jobs without a recent heartbeat
[2022-07-21 10:29:00,212] {manager.py:1110} INFO - Failing jobs without heartbeat after 2022-07-21 10:24:00.212161+00:00
[2022-07-21 10:29:00,218] {manager.py:825} INFO - 
================================================================================
DAG File Processing Stats

File Path                 PID    Runtime      # DAGs    # Errors  Last Runtime    Last Run
------------------------  -----  ---------  --------  ----------  --------------  -------------------
/opt/airflow/dags/dag.py                           1           0  0.33s           2022-07-21T10:28:33
================================================================================
[2022-07-21 10:29:10,534] {manager.py:1106} INFO - Finding 'running' jobs without a recent heartbeat
[2022-07-21 10:29:10,536] {manager.py:1110} INFO - Failing jobs without heartbeat after 2022-07-21 10:24:10.536474+00:00
[2022-07-21 10:29:20,579] {manager.py:1106} INFO - Finding 'running' jobs without a recent heartbeat
[2022-07-21 10:29:20,579] {manager.py:1110} INFO - Failing jobs without heartbeat after 2022-07-21 10:24:20.579597+00:00
[2022-07-21 10:29:30,616] {manager.py:1106} INFO - Finding 'running' jobs without a recent heartbeat
[2022-07-21 10:29:30,617] {manager.py:1110} INFO - Failing jobs without heartbeat after 2022-07-21 10:24:30.616970+00:00
[2022-07-21 10:29:30,623] {manager.py:825} INFO - 
================================================================================
DAG File Processing Stats

File Path                 PID    Runtime      # DAGs    # Errors  Last Runtime    Last Run
------------------------  -----  ---------  --------  ----------  --------------  -------------------
/opt/airflow/dags/dag.py                           1           0  0.23s           2022-07-21T10:29:03
================================================================================
[2022-07-21 10:29:40,926] {manager.py:1106} INFO - Finding 'running' jobs without a recent heartbeat
[2022-07-21 10:29:40,926] {manager.py:1110} INFO - Failing jobs without heartbeat after 2022-07-21 10:24:40.926608+00:00
[2022-07-21 10:29:50,964] {manager.py:1106} INFO - Finding 'running' jobs without a recent heartbeat
[2022-07-21 10:29:50,964] {manager.py:1110} INFO - Failing jobs without heartbeat after 2022-07-21 10:24:50.964903+00:00
