[2022-07-21 10:25:58,118] {processor.py:163} INFO - Started process (PID=30) to work on /opt/airflow/dags/dag.py
[2022-07-21 10:25:58,119] {processor.py:642} INFO - Processing file /opt/airflow/dags/dag.py for tasks to queue
[2022-07-21 10:25:58,119] {logging_mixin.py:109} INFO - [2022-07-21 10:25:58,119] {dagbag.py:500} INFO - Filling up the DagBag from /opt/airflow/dags/dag.py
[2022-07-21 10:25:58,156] {processor.py:652} INFO - DAG(s) dict_keys(['operator']) retrieved from /opt/airflow/dags/dag.py
[2022-07-21 10:26:01,624] {logging_mixin.py:109} INFO - [2022-07-21 10:26:01,624] {manager.py:496} INFO - Created Permission View: can read on DAG:operator
[2022-07-21 10:26:01,631] {logging_mixin.py:109} INFO - [2022-07-21 10:26:01,631] {manager.py:496} INFO - Created Permission View: can edit on DAG:operator
[2022-07-21 10:26:01,631] {logging_mixin.py:109} INFO - [2022-07-21 10:26:01,631] {dag.py:2398} INFO - Sync 1 DAGs
[2022-07-21 10:26:01,637] {logging_mixin.py:109} INFO - [2022-07-21 10:26:01,636] {dag.py:2417} INFO - Creating ORM DAG for operator
[2022-07-21 10:26:01,642] {logging_mixin.py:109} INFO - [2022-07-21 10:26:01,642] {dag.py:2937} INFO - Setting next_dagrun for operator to 2022-07-22 00:00:00+00:00
[2022-07-21 10:26:01,652] {processor.py:171} INFO - Processing /opt/airflow/dags/dag.py took 3.536 seconds
[2022-07-21 10:26:31,780] {processor.py:163} INFO - Started process (PID=74) to work on /opt/airflow/dags/dag.py
[2022-07-21 10:26:31,781] {processor.py:642} INFO - Processing file /opt/airflow/dags/dag.py for tasks to queue
[2022-07-21 10:26:31,782] {logging_mixin.py:109} INFO - [2022-07-21 10:26:31,782] {dagbag.py:500} INFO - Filling up the DagBag from /opt/airflow/dags/dag.py
[2022-07-21 10:26:31,801] {processor.py:652} INFO - DAG(s) dict_keys(['operator']) retrieved from /opt/airflow/dags/dag.py
[2022-07-21 10:26:31,974] {logging_mixin.py:109} INFO - [2022-07-21 10:26:31,974] {dag.py:2398} INFO - Sync 1 DAGs
[2022-07-21 10:26:31,983] {logging_mixin.py:109} INFO - [2022-07-21 10:26:31,983] {dag.py:2937} INFO - Setting next_dagrun for operator to 2022-07-22 00:00:00+00:00
[2022-07-21 10:26:31,992] {processor.py:171} INFO - Processing /opt/airflow/dags/dag.py took 0.214 seconds
[2022-07-21 10:27:02,126] {processor.py:163} INFO - Started process (PID=102) to work on /opt/airflow/dags/dag.py
[2022-07-21 10:27:02,127] {processor.py:642} INFO - Processing file /opt/airflow/dags/dag.py for tasks to queue
[2022-07-21 10:27:02,128] {logging_mixin.py:109} INFO - [2022-07-21 10:27:02,128] {dagbag.py:500} INFO - Filling up the DagBag from /opt/airflow/dags/dag.py
[2022-07-21 10:27:02,144] {processor.py:652} INFO - DAG(s) dict_keys(['operator']) retrieved from /opt/airflow/dags/dag.py
[2022-07-21 10:27:02,297] {logging_mixin.py:109} INFO - [2022-07-21 10:27:02,297] {dag.py:2398} INFO - Sync 1 DAGs
[2022-07-21 10:27:02,305] {logging_mixin.py:109} INFO - [2022-07-21 10:27:02,304] {dag.py:2937} INFO - Setting next_dagrun for operator to 2022-07-22 00:00:00+00:00
[2022-07-21 10:27:02,323] {processor.py:171} INFO - Processing /opt/airflow/dags/dag.py took 0.198 seconds
[2022-07-21 10:27:32,427] {processor.py:163} INFO - Started process (PID=130) to work on /opt/airflow/dags/dag.py
[2022-07-21 10:27:32,429] {processor.py:642} INFO - Processing file /opt/airflow/dags/dag.py for tasks to queue
[2022-07-21 10:27:32,430] {logging_mixin.py:109} INFO - [2022-07-21 10:27:32,430] {dagbag.py:500} INFO - Filling up the DagBag from /opt/airflow/dags/dag.py
[2022-07-21 10:27:32,455] {processor.py:652} INFO - DAG(s) dict_keys(['operator']) retrieved from /opt/airflow/dags/dag.py
[2022-07-21 10:27:32,647] {logging_mixin.py:109} INFO - [2022-07-21 10:27:32,647] {dag.py:2398} INFO - Sync 1 DAGs
[2022-07-21 10:27:32,655] {logging_mixin.py:109} INFO - [2022-07-21 10:27:32,655] {dag.py:2937} INFO - Setting next_dagrun for operator to 2022-07-22 00:00:00+00:00
[2022-07-21 10:27:32,663] {processor.py:171} INFO - Processing /opt/airflow/dags/dag.py took 0.238 seconds
[2022-07-21 10:28:02,768] {processor.py:163} INFO - Started process (PID=149) to work on /opt/airflow/dags/dag.py
[2022-07-21 10:28:02,769] {processor.py:642} INFO - Processing file /opt/airflow/dags/dag.py for tasks to queue
[2022-07-21 10:28:02,770] {logging_mixin.py:109} INFO - [2022-07-21 10:28:02,770] {dagbag.py:500} INFO - Filling up the DagBag from /opt/airflow/dags/dag.py
[2022-07-21 10:28:02,786] {processor.py:652} INFO - DAG(s) dict_keys(['operator']) retrieved from /opt/airflow/dags/dag.py
[2022-07-21 10:28:02,972] {logging_mixin.py:109} INFO - [2022-07-21 10:28:02,972] {dag.py:2398} INFO - Sync 1 DAGs
[2022-07-21 10:28:02,981] {logging_mixin.py:109} INFO - [2022-07-21 10:28:02,980] {dag.py:2937} INFO - Setting next_dagrun for operator to 2022-07-22 00:00:00+00:00
[2022-07-21 10:28:02,988] {processor.py:171} INFO - Processing /opt/airflow/dags/dag.py took 0.222 seconds
[2022-07-21 10:28:33,102] {processor.py:163} INFO - Started process (PID=178) to work on /opt/airflow/dags/dag.py
[2022-07-21 10:28:33,103] {processor.py:642} INFO - Processing file /opt/airflow/dags/dag.py for tasks to queue
[2022-07-21 10:28:33,104] {logging_mixin.py:109} INFO - [2022-07-21 10:28:33,104] {dagbag.py:500} INFO - Filling up the DagBag from /opt/airflow/dags/dag.py
[2022-07-21 10:28:33,128] {processor.py:652} INFO - DAG(s) dict_keys(['operator']) retrieved from /opt/airflow/dags/dag.py
[2022-07-21 10:28:33,387] {logging_mixin.py:109} INFO - [2022-07-21 10:28:33,387] {dag.py:2398} INFO - Sync 1 DAGs
[2022-07-21 10:28:33,398] {logging_mixin.py:109} INFO - [2022-07-21 10:28:33,398] {dag.py:2937} INFO - Setting next_dagrun for operator to 2022-07-22 00:00:00+00:00
[2022-07-21 10:28:33,408] {processor.py:171} INFO - Processing /opt/airflow/dags/dag.py took 0.309 seconds
[2022-07-21 10:29:03,520] {processor.py:163} INFO - Started process (PID=207) to work on /opt/airflow/dags/dag.py
[2022-07-21 10:29:03,521] {processor.py:642} INFO - Processing file /opt/airflow/dags/dag.py for tasks to queue
[2022-07-21 10:29:03,522] {logging_mixin.py:109} INFO - [2022-07-21 10:29:03,522] {dagbag.py:500} INFO - Filling up the DagBag from /opt/airflow/dags/dag.py
[2022-07-21 10:29:03,539] {processor.py:652} INFO - DAG(s) dict_keys(['operator']) retrieved from /opt/airflow/dags/dag.py
[2022-07-21 10:29:03,701] {logging_mixin.py:109} INFO - [2022-07-21 10:29:03,700] {dag.py:2398} INFO - Sync 1 DAGs
[2022-07-21 10:29:03,708] {logging_mixin.py:109} INFO - [2022-07-21 10:29:03,708] {dag.py:2937} INFO - Setting next_dagrun for operator to 2022-07-22 00:00:00+00:00
[2022-07-21 10:29:03,727] {processor.py:171} INFO - Processing /opt/airflow/dags/dag.py took 0.209 seconds
[2022-07-21 10:29:33,909] {processor.py:163} INFO - Started process (PID=226) to work on /opt/airflow/dags/dag.py
[2022-07-21 10:29:33,909] {processor.py:642} INFO - Processing file /opt/airflow/dags/dag.py for tasks to queue
[2022-07-21 10:29:33,910] {logging_mixin.py:109} INFO - [2022-07-21 10:29:33,910] {dagbag.py:500} INFO - Filling up the DagBag from /opt/airflow/dags/dag.py
[2022-07-21 10:29:33,928] {processor.py:652} INFO - DAG(s) dict_keys(['operator']) retrieved from /opt/airflow/dags/dag.py
[2022-07-21 10:29:34,117] {logging_mixin.py:109} INFO - [2022-07-21 10:29:34,117] {dag.py:2398} INFO - Sync 1 DAGs
[2022-07-21 10:29:34,128] {logging_mixin.py:109} INFO - [2022-07-21 10:29:34,128] {dag.py:2937} INFO - Setting next_dagrun for operator to 2022-07-22 00:00:00+00:00
[2022-07-21 10:29:34,138] {processor.py:171} INFO - Processing /opt/airflow/dags/dag.py took 0.231 seconds
